speechDemo/build/outputs/logs/manifest-merger-debug-report.txt
-- Merging decision tree log ---
manifest
ADDED from src\main\AndroidManifest.xml:2:1-99:12
INJECTED from src\main\AndroidManifest.xml:2:1-99:12
INJECTED from src\main\AndroidManifest.xml:2:1-99:12
INJECTED from src\main\AndroidManifest.xml:2:1-99:12
MERGED from [com.android.support:design:23.4.0] AndroidManifest.xml:17:1-24:12
MERGED from [com.android.support:appcompat-v7:23.4.0] AndroidManifest.xml:17:1-27:12
MERGED from [com.android.support:animated-vector-drawable:23.4.0] AndroidManifest.xml:2:1-9:12
MERGED from [com.android.support:support-vector-drawable:23.4.0] AndroidManifest.xml:2:1-9:12
MERGED from [com.android.support:recyclerview-v7:23.4.0] AndroidManifest.xml:17:1-22:12
MERGED from [com.android.support:support-v4:23.4.0] AndroidManifest.xml:17:1-24:12
MERGED from [com.android.support.constraint:constraint-layout:1.0.2] AndroidManifest.xml:2:1-11:12
INJECTED from src\main\AndroidManifest.xml:2:1-99:12
INJECTED from src\main\AndroidManifest.xml:2:1-99:12
INJECTED from src\main\AndroidManifest.xml:2:1-99:12
	package
		ADDED from src\main\AndroidManifest.xml:3:5-36
		INJECTED from src\main\AndroidManifest.xml
		INJECTED from src\main\AndroidManifest.xml
	android:versionName
		ADDED from src\main\AndroidManifest.xml:5:5-40
		INJECTED from src\main\AndroidManifest.xml
		INJECTED from src\main\AndroidManifest.xml
	xmlns:android
		ADDED from src\main\AndroidManifest.xml:2:11-69
	android:versionCode
		ADDED from src\main\AndroidManifest.xml:4:5-28
		INJECTED from src\main\AndroidManifest.xml
		INJECTED from src\main\AndroidManifest.xml
uses-sdk
ADDED from src\main\AndroidManifest.xml:7:5-43
INJECTED from src\main\AndroidManifest.xml:7:5-43
INJECTED from src\main\AndroidManifest.xml:7:5-43
MERGED from [com.android.support:design:23.4.0] AndroidManifest.xml:20:5-43
MERGED from [com.android.support:design:23.4.0] AndroidManifest.xml:20:5-43
MERGED from [com.android.support:appcompat-v7:23.4.0] AndroidManifest.xml:21:5-23:78
MERGED from [com.android.support:appcompat-v7:23.4.0] AndroidManifest.xml:21:5-23:78
MERGED from [com.android.support:animated-vector-drawable:23.4.0] AndroidManifest.xml:5:5-44
MERGED from [com.android.support:animated-vector-drawable:23.4.0] AndroidManifest.xml:5:5-44
MERGED from [com.android.support:support-vector-drawable:23.4.0] AndroidManifest.xml:5:5-43
MERGED from [com.android.support:support-vector-drawable:23.4.0] AndroidManifest.xml:5:5-43
MERGED from [com.android.support:recyclerview-v7:23.4.0] AndroidManifest.xml:20:5-43
MERGED from [com.android.support:recyclerview-v7:23.4.0] AndroidManifest.xml:20:5-43
MERGED from [com.android.support:support-v4:23.4.0] AndroidManifest.xml:20:5-43
MERGED from [com.android.support:support-v4:23.4.0] AndroidManifest.xml:20:5-43
MERGED from [com.android.support.constraint:constraint-layout:1.0.2] AndroidManifest.xml:5:5-7:41
MERGED from [com.android.support.constraint:constraint-layout:1.0.2] AndroidManifest.xml:5:5-7:41
INJECTED from src\main\AndroidManifest.xml:7:5-43
INJECTED from src\main\AndroidManifest.xml:7:5-43
	tools:overrideLibrary
		ADDED from [com.android.support:appcompat-v7:23.4.0] AndroidManifest.xml:23:9-75
	android:targetSdkVersion
		INJECTED from src\main\AndroidManifest.xml
		ADDED from src\main\AndroidManifest.xml:7:5-43
		INJECTED from src\main\AndroidManifest.xml
	android:minSdkVersion
		ADDED from src\main\AndroidManifest.xml:7:15-40
		INJECTED from src\main\AndroidManifest.xml
		INJECTED from src\main\AndroidManifest.xml
uses-permission#android.permission.RECORD_AUDIO
ADDED from src\main\AndroidManifest.xml:9:5-71
	android:name
		ADDED from src\main\AndroidManifest.xml:9:22-68
uses-permission#android.permission.INTERNET
ADDED from src\main\AndroidManifest.xml:10:5-67
	android:name
		ADDED from src\main\AndroidManifest.xml:10:22-64
uses-permission#android.permission.ACCESS_NETWORK_STATE
ADDED from src\main\AndroidManifest.xml:11:5-79
	android:name
		ADDED from src\main\AndroidManifest.xml:11:22-76
uses-permission#android.permission.ACCESS_WIFI_STATE
ADDED from src\main\AndroidManifest.xml:12:5-76
	android:name
		ADDED from src\main\AndroidManifest.xml:12:22-73
uses-permission#android.permission.CHANGE_NETWORK_STATE
ADDED from src\main\AndroidManifest.xml:13:5-79
	android:name
		ADDED from src\main\AndroidManifest.xml:13:22-76
uses-permission#android.permission.READ_PHONE_STATE
ADDED from src\main\AndroidManifest.xml:14:5-75
	android:name
		ADDED from src\main\AndroidManifest.xml:14:22-72
uses-permission#android.permission.ACCESS_FINE_LOCATION
ADDED from src\main\AndroidManifest.xml:15:5-79
	android:name
		ADDED from src\main\AndroidManifest.xml:15:22-76
uses-permission#android.permission.READ_CONTACTS
ADDED from src\main\AndroidManifest.xml:16:5-72
	android:name
		ADDED from src\main\AndroidManifest.xml:16:22-69
uses-permission#android.permission.WRITE_EXTERNAL_STORAGE
ADDED from src\main\AndroidManifest.xml:17:5-81
	android:name
		ADDED from src\main\AndroidManifest.xml:17:22-78
uses-permission#android.permission.WRITE_SETTINGS
ADDED from src\main\AndroidManifest.xml:18:5-73
	android:name
		ADDED from src\main\AndroidManifest.xml:18:22-70
uses-permission#android.permission.READ_EXTERNAL_STORAGE
ADDED from src\main\AndroidManifest.xml:19:5-80
	android:name
		ADDED from src\main\AndroidManifest.xml:19:22-77
uses-permission#android.permission.ACCESS_COARSE_LOCATION
ADDED from src\main\AndroidManifest.xml:21:5-81
	android:name
		ADDED from src\main\AndroidManifest.xml:21:22-78
application
ADDED from src\main\AndroidManifest.xml:23:5-97:19
MERGED from [com.android.support:design:23.4.0] AndroidManifest.xml:22:5-20
MERGED from [com.android.support:design:23.4.0] AndroidManifest.xml:22:5-20
MERGED from [com.android.support:appcompat-v7:23.4.0] AndroidManifest.xml:25:5-20
MERGED from [com.android.support:appcompat-v7:23.4.0] AndroidManifest.xml:25:5-20
MERGED from [com.android.support:animated-vector-drawable:23.4.0] AndroidManifest.xml:7:5-20
MERGED from [com.android.support:animated-vector-drawable:23.4.0] AndroidManifest.xml:7:5-20
MERGED from [com.android.support:support-vector-drawable:23.4.0] AndroidManifest.xml:7:5-20
MERGED from [com.android.support:support-vector-drawable:23.4.0] AndroidManifest.xml:7:5-20
MERGED from [com.android.support:support-v4:23.4.0] AndroidManifest.xml:22:5-20
MERGED from [com.android.support:support-v4:23.4.0] AndroidManifest.xml:22:5-20
MERGED from [com.android.support.constraint:constraint-layout:1.0.2] AndroidManifest.xml:9:5-20
MERGED from [com.android.support.constraint:constraint-layout:1.0.2] AndroidManifest.xml:9:5-20
	android:label
		ADDED from src\main\AndroidManifest.xml:26:9-31
	android:icon
		ADDED from src\main\AndroidManifest.xml:25:9-38
	android:name
		ADDED from src\main\AndroidManifest.xml:24:9-34
activity#com.iflytek.voicedemo.MainActivity
ADDED from src\main\AndroidManifest.xml:27:9-38:20
	android:screenOrientation
		ADDED from src\main\AndroidManifest.xml:32:13-49
	android:label
		ADDED from src\main\AndroidManifest.xml:31:13-35
	android:configChanges
		ADDED from src\main\AndroidManifest.xml:29:13-133
	android:icon
		ADDED from src\main\AndroidManifest.xml:30:13-42
	android:name
		ADDED from src\main\AndroidManifest.xml:28:13-41
intent-filter#android.intent.action.MAIN+android.intent.category.LAUNCHER
ADDED from src\main\AndroidManifest.xml:33:13-37:29
action#android.intent.action.MAIN
ADDED from src\main\AndroidManifest.xml:34:17-69
	android:name
		ADDED from src\main\AndroidManifest.xml:34:25-66
category#android.intent.category.LAUNCHER
ADDED from src\main\AndroidManifest.xml:36:17-77
	android:name
		ADDED from src\main\AndroidManifest.xml:36:27-74
activity#com.iflytek.speech.setting.TtsSettings
ADDED from src\main\AndroidManifest.xml:39:9-84
	android:name
		ADDED from src\main\AndroidManifest.xml:39:19-72
activity#com.iflytek.speech.setting.IatSettings
ADDED from src\main\AndroidManifest.xml:40:9-84
	android:name
		ADDED from src\main\AndroidManifest.xml:40:19-72
activity#com.iflytek.voicedemo.IatDemo
ADDED from src\main\AndroidManifest.xml:41:9-44:61
	android:screenOrientation
		ADDED from src\main\AndroidManifest.xml:44:13-49
	android:configChanges
		ADDED from src\main\AndroidManifest.xml:43:13-133
	android:name
		ADDED from src\main\AndroidManifest.xml:42:13-36
activity#com.iflytek.voicedemo.AsrDemo
ADDED from src\main\AndroidManifest.xml:45:9-48:61
	android:screenOrientation
		ADDED from src\main\AndroidManifest.xml:48:13-49
	android:configChanges
		ADDED from src\main\AndroidManifest.xml:47:13-133
	android:name
		ADDED from src\main\AndroidManifest.xml:46:13-36
activity#com.iflytek.voicedemo.TtsDemo
ADDED from src\main\AndroidManifest.xml:49:9-52:61
	android:screenOrientation
		ADDED from src\main\AndroidManifest.xml:52:13-49
	android:configChanges
		ADDED from src\main\AndroidManifest.xml:51:13-133
	android:name
		ADDED from src\main\AndroidManifest.xml:50:13-36
activity#com.iflytek.voicedemo.IseDemo
ADDED from src\main\AndroidManifest.xml:53:9-56:61
	android:screenOrientation
		ADDED from src\main\AndroidManifest.xml:56:13-49
	android:configChanges
		ADDED from src\main\AndroidManifest.xml:55:13-133
	android:name
		ADDED from src\main\AndroidManifest.xml:54:13-36
activity#com.iflytek.voicedemo.vocalverify.VocalVerifyDemo
ADDED from src\main\AndroidManifest.xml:57:9-60:61
	android:screenOrientation
		ADDED from src\main\AndroidManifest.xml:60:13-49
	android:configChanges
		ADDED from src\main\AndroidManifest.xml:59:13-133
	android:name
		ADDED from src\main\AndroidManifest.xml:58:13-56
activity#com.iflytek.voicedemo.faceonline.OnlineFaceDemo
ADDED from src\main\AndroidManifest.xml:61:9-64:61
	android:screenOrientation
		ADDED from src\main\AndroidManifest.xml:64:13-49
	android:configChanges
		ADDED from src\main\AndroidManifest.xml:63:13-133
	android:name
		ADDED from src\main\AndroidManifest.xml:62:13-54
activity#com.iflytek.voicedemo.IdentifyGroup.GroupManagerActivity
ADDED from src\main\AndroidManifest.xml:65:9-68:61
	android:screenOrientation
		ADDED from src\main\AndroidManifest.xml:68:13-49
	android:configChanges
		ADDED from src\main\AndroidManifest.xml:67:13-133
	android:name
		ADDED from src\main\AndroidManifest.xml:66:13-63
activity#com.iflytek.voicedemo.IdentifyGroup.FaceIdentifyActivity
ADDED from src\main\AndroidManifest.xml:69:9-72:61
	android:screenOrientation
		ADDED from src\main\AndroidManifest.xml:72:13-49
	android:configChanges
		ADDED from src\main\AndroidManifest.xml:71:13-133
	android:name
		ADDED from src\main\AndroidManifest.xml:70:13-63
activity#com.iflytek.voicedemo.IdentifyGroup.VocalIdentifyActivity
ADDED from src\main\AndroidManifest.xml:73:9-76:61
	android:screenOrientation
		ADDED from src\main\AndroidManifest.xml:76:13-49
	android:configChanges
		ADDED from src\main\AndroidManifest.xml:75:13-133
	android:name
		ADDED from src\main\AndroidManifest.xml:74:13-64
activity#com.iflytek.voicedemo.IdentifyGroup.ResultIdentifyActivity
ADDED from src\main\AndroidManifest.xml:77:9-80:61
	android:screenOrientation
		ADDED from src\main\AndroidManifest.xml:80:13-49
	android:configChanges
		ADDED from src\main\AndroidManifest.xml:79:13-133
	android:name
		ADDED from src\main\AndroidManifest.xml:78:13-65
activity#com.iflytek.speech.setting.IseSettings
ADDED from src\main\AndroidManifest.xml:81:9-84:61
	android:screenOrientation
		ADDED from src\main\AndroidManifest.xml:84:13-49
	android:configChanges
		ADDED from src\main\AndroidManifest.xml:83:13-133
	android:name
		ADDED from src\main\AndroidManifest.xml:82:13-66
meta-data#IFLYTEK_APPKEY
ADDED from src\main\AndroidManifest.xml:86:9-88:52
	android:value
		ADDED from src\main\AndroidManifest.xml:88:13-49
	android:name
		ADDED from src\main\AndroidManifest.xml:87:13-42
meta-data#IFLYTEK_CHANNEL
ADDED from src\main\AndroidManifest.xml:89:9-91:44
	android:value
		ADDED from src\main\AndroidManifest.xml:91:13-41
	android:name
		ADDED from src\main\AndroidManifest.xml:90:13-43
activity#com.iflytek.activities.SecondActivity
ADDED from src\main\AndroidManifest.xml:93:9-96:68
	android:label
		ADDED from src\main\AndroidManifest.xml:95:13-58
	android:theme
		ADDED from src\main\AndroidManifest.xml:96:13-56
	android:name
		ADDED from src\main\AndroidManifest.xml:94:13-65